<?xml version="1.0" encoding="UTF-8"?>
<!-- Generated by org.testng.reporters.JUnitReportReporter -->
<testsuite hostname="BBPL-LAP199" failures="0" tests="3" name="SourabhMishra.Test.StandAloneTest" time="21.070" errors="0" timestamp="2023-04-12T14:46:38 IST" skipped="0">
  <testcase classname="SourabhMishra.Test.StandAloneTest" name="orderHistoryTest" time="5.355"/>
  <system-out/>
  <testcase classname="SourabhMishra.Test.StandAloneTest" name="StandAloneTest" time="7.546"/>
  <system-out/>
  <testcase classname="SourabhMishra.Test.StandAloneTest" name="StandAloneTest" time="8.169"/>
  <system-out/>
</testsuite> <!-- SourabhMishra.Test.StandAloneTest -->
